<?xml version="1.0" encoding="UTF-8"?>
<!-- Generated by org.testng.reporters.JUnitReportReporter -->
<testsuite hostname="LAPTOP-L5EQP6CH" failures="0" tests="1" name="testCasePackage.GithubLoginCreateRepositary" time="40.259" errors="0" timestamp="2022-06-07T16:15:36 BDT" skipped="0">
  <testcase classname="testCasePackage.GithubLoginCreateRepositary" name="locatorLearning" time="40.259"/>
  <system-out/>
</testsuite> <!-- testCasePackage.GithubLoginCreateRepositary -->
