<?xml version="1.0" encoding="UTF-8"?>
<!-- Generated by org.testng.reporters.JUnitReportReporter -->
<testsuite hostname="LAPTOP-L5EQP6CH" failures="0" tests="1" name="testCasePackage.GihubLoginVerifyUsername" time="50.049" errors="0" timestamp="2022-06-07T16:29:05 BDT" skipped="0">
  <testcase classname="testCasePackage.GihubLoginVerifyUsername" name="locatorLearning" time="50.049"/>
  <system-out/>
</testsuite> <!-- testCasePackage.GihubLoginVerifyUsername -->
